1504919395287	geckodriver	INFO	geckodriver 0.18.0
1504919395306	geckodriver	INFO	Listening on 127.0.0.1:51390
1504919397375	geckodriver::marionette	INFO	Starting browser C:\Program Files\Mozilla Firefox\firefox.exe with args ["-marionette"]
1504919398167	addons.xpi	WARN	Error parsing extensions state: [Exception... "Component returned failure code: 0x80520012 (NS_ERROR_FILE_NOT_FOUND) [amIAddonManagerStartup.readStartupData]"  nsresult: "0x80520012 (NS_ERROR_FILE_NOT_FOUND)"  location: "JS frame :: resource://gre/modules/addons/XPIProvider.jsm :: loadExtensionState :: line 1596"  data: no] Stack trace: loadExtensionState()@resource://gre/modules/addons/XPIProvider.jsm:1596 < getInstallState()@resource://gre/modules/addons/XPIProvider.jsm:1631 < checkForChanges()@resource://gre/modules/addons/XPIProvider.jsm:3152 < startup()@resource://gre/modules/addons/XPIProvider.jsm:2246 < callProvider()@resource://gre/modules/AddonManager.jsm:271 < _startProvider()@resource://gre/modules/AddonManager.jsm:741 < startup()@resource://gre/modules/AddonManager.jsm:908 < startup()@resource://gre/modules/AddonManager.jsm:3122 < observe()@jar:file:///C:/Program%20Files/Mozilla%20Firefox/omni.ja!/components/addonManager.js:65
1504919398737	Marionette	INFO	Enabled via --marionette
Unable to read VR Path Registry from C:\Users\lanjingjing\AppData\Local\openvr\openvrpaths.vrpath
[GPU 12996] WARNING: pipe error: 109: file c:/builds/moz2_slave/m-rel-w64-00000000000000000000/build/src/ipc/chromium/src/chrome/common/ipc_channel_win.cc, line 346
Unable to read VR Path Registry from C:\Users\lanjingjing\AppData\Local\openvr\openvrpaths.vrpath
[Child 16276] WARNING: pipe error: 109: file c:/builds/moz2_slave/m-rel-w64-00000000000000000000/build/src/ipc/chromium/src/chrome/common/ipc_channel_win.cc, line 346
[Child 16276] WARNING: pipe error: 109: file c:/builds/moz2_slave/m-rel-w64-00000000000000000000/build/src/ipc/chromium/src/chrome/common/ipc_channel_win.cc, line 346
1504919402023	Marionette	INFO	Listening on port 51396
1504919402049	Marionette	INFO	Listening on port 51396
1504919402762	Marionette	WARN	TLS certificate errors will be ignored for this session
1504919402833	Marionette	DEBUG	loaded listener.js
1504919402888	Marionette	DEBUG	Received DOM event "beforeunload" for "about:blank"
1504919403183	Marionette	DEBUG	Received DOM event "pagehide" for "about:blank"
1504919403183	Marionette	DEBUG	Received DOM event "unload" for "about:blank"
1504919404123	Marionette	DEBUG	Received DOM event "DOMContentLoaded" for "https://www.baidu.com/"
1504919404471	Marionette	DEBUG	Received DOM event "pageshow" for "https://www.baidu.com/"

###!!! [Child][MessageChannel::SendAndWait] Error: Channel error: cannot send/recv

Unable to read VR Path Registry from C:\Users\lanjingjing\AppData\Local\openvr\openvrpaths.vrpath
Mozilla Firefox\firefox.exe with args ["-marionette"]
1504919434499	addons.xpi	WARN	Error parsing extensions state: [Exception... "Component returned failure code: 0x80520012 (NS_ERROR_FILE_NOT_FOUND) [amIAddonManagerStartup.readStartupData]"  nsresult: "0x80520012 (NS_ERROR_FILE_NOT_FOUND)"  location: "JS frame :: resource://gre/modules/addons/XPIProvider.jsm :: loadExtensionState :: line 1596"  data: no] Stack trace: loadExtensionState()@resource://gre/modules/addons/XPIProvider.jsm:1596 < getInstallState()@resource://gre/modules/addons/XPIProvider.jsm:1631 < checkForChanges()@resource://gre/modules/addons/XPIProvider.jsm:3152 < startup()@resource://gre/modules/addons/XPIProvider.jsm:2246 < callProvider()@resource://gre/modules/AddonManager.jsm:271 < _startProvider()@resource://gre/modules/AddonManager.jsm:741 < startup()@resource://gre/modules/AddonManager.jsm:908 < startup()@resource://gre/modules/AddonManager.jsm:3122 < observe()@jar:file:///C:/Program%20Files/Mozilla%20Firefox/omni.ja!/components/addonManager.js:65
1504919435020	Marionette	INFO	Enabled via --marionette
Unable to read VR Path Registry from C:\Users\lanjingjing\AppData\Local\openvr\openvrpaths.vrpath
[GPU 21552] WARNING: pipe error: 109: file c:/builds/moz2_slave/m-rel-w64-00000000000000000000/build/src/ipc/chromium/src/chrome/common/ipc_channel_win.cc, line 346
1504919437407	Marionette	INFO	Listening on port 51499
Unable to read VR Path Registry from C:\Users\lanjingjing\AppData\Local\openvr\openvrpaths.vrpath
[Child 1840] WARNING: pipe error: 109: file c:/builds/moz2_slave/m-rel-w64-00000000000000000000/build/src/ipc/chromium/src/chrome/common/ipc_channel_win.cc, line 346
[Child 1840] WARNING: pipe error: 109: file c:/builds/moz2_slave/m-rel-w64-00000000000000000000/build/src/ipc/chromium/src/chrome/common/ipc_channel_win.cc, line 346
1504919437474	Marionette	INFO	Listening on port 51499
1504919437664	Marionette	WARN	TLS certificate errors will be ignored for this session
1504919437704	Marionette	DEBUG	loaded listener.js
[GPU 21552] WARNING: pipe error: 109: file c:/builds/moz2_slave/m-rel-w64-00000000000000000000/build/src/ipc/chromium/src/chrome/common/ipc_channel_win.cc, line 346
Unable to read VR Path Registry from C:\Users\lanjingjing\AppData\Local\openvr\openvrpaths.vrpath
[Parent 19660] WARNING: pipe error: 109: file c:/builds/moz2_slave/m-rel-w64-00000000000000000000/build/src/ipc/chromium/src/chrome/common/ipc_channel_win.cc, line 346

###!!! [Child][MessageChannel::SendAndWait] Error: Channel error: cannot send/recv

ules/addons/XPIProvider.jsm :: loadExtensionState :: line 1596"  data: no] Stack trace: loadExtensionState()@resource://gre/modules/addons/XPIProvider.jsm:1596 < getInstallState()@resource://gre/modules/addons/XPIProvider.jsm:1631 < checkForChanges()@resource://gre/modules/addons/XPIProvider.jsm:3152 < startup()@resource://gre/modules/addons/XPIProvider.jsm:2246 < callProvider()@resource://gre/modules/AddonManager.jsm:271 < _startProvider()@resource://gre/modules/AddonManager.jsm:741 < startup()@resource://gre/modules/AddonManager.jsm:908 < startup()@resource://gre/modules/AddonManager.jsm:3122 < observe()@jar:file:///C:/Program%20Files/Mozilla%20Firefox/omni.ja!/components/addonManager.js:65
1504919471964	Marionette	INFO	Enabled via --marionette
Unable to read VR Path Registry from C:\Users\lanjingjing\AppData\Local\openvr\openvrpaths.vrpath
[GPU 13188] WARNING: pipe error: 109: file c:/builds/moz2_slave/m-rel-w64-00000000000000000000/build/src/ipc/chromium/src/chrome/common/ipc_channel_win.cc, line 346
1504919474444	Marionette	INFO	Listening on port 51585
1504919474491	Marionette	INFO	Listening on port 51585
1504919474587	Marionette	WARN	TLS certificate errors will be ignored for this session
1504919474624	Marionette	DEBUG	loaded listener.js
[GPU 13188] WARNING: pipe error: 109: file c:/builds/moz2_slave/m-rel-w64-00000000000000000000/build/src/ipc/chromium/src/chrome/common/ipc_channel_win.cc, line 346
[GPU 13188] WARNING: pipe error: 109: file c:/builds/moz2_slave/m-rel-w64-00000000000000000000/build/src/ipc/chromium/src/chrome/common/ipc_channel_win.cc, line 346
Unable to read VR Path Registry from C:\Users\lanjingjing\AppData\Local\openvr\openvrpaths.vrpath
[Child 4436] WARNING: pipe error: 109: file c:/builds/moz2_slave/m-rel-w64-00000000000000000000/build/src/ipc/chromium/src/chrome/common/ipc_channel_win.cc, line 346

###!!! [Child][MessageChannel::SendAndWait] Error: Channel error: cannot send/recv

Unable to read VR Path Registry from C:\Users\lanjingjing\AppData\Local\openvr\openvrpaths.vrpath
re/modules/addons/XPIProvider.jsm:3152 < startup()@resource://gre/modules/addons/XPIProvider.jsm:2246 < callProvider()@resource://gre/modules/AddonManager.jsm:271 < _startProvider()@resource://gre/modules/AddonManager.jsm:741 < startup()@resource://gre/modules/AddonManager.jsm:908 < startup()@resource://gre/modules/AddonManager.jsm:3122 < observe()@jar:file:///C:/Program%20Files/Mozilla%20Firefox/omni.ja!/components/addonManager.js:65
1504919509583	Marionette	INFO	Enabled via --marionette
Unable to read VR Path Registry from C:\Users\lanjingjing\AppData\Local\openvr\openvrpaths.vrpath
[GPU 8516] WARNING: pipe error: 109: file c:/builds/moz2_slave/m-rel-w64-00000000000000000000/build/src/ipc/chromium/src/chrome/common/ipc_channel_win.cc, line 346
1504919511840	Marionette	INFO	Listening on port 51638
1504919511848	Marionette	INFO	Listening on port 51638
1504919512231	Marionette	WARN	TLS certificate errors will be ignored for this session
1504919512280	Marionette	DEBUG	loaded listener.js
1504919512317	Marionette	DEBUG	Received DOM event "beforeunload" for "about:blank"
1504919512697	Marionette	DEBUG	Received DOM event "pagehide" for "about:blank"
1504919512697	Marionette	DEBUG	Received DOM event "unload" for "about:blank"
1504919512768	Marionette	DEBUG	Received DOM event "DOMContentLoaded" for "http://127.0.0.1/"
1504919512815	Marionette	DEBUG	Received DOM event "pageshow" for "http://127.0.0.1/"
[GPU 8516] WARNING: pipe error: 109: file c:/builds/moz2_slave/m-rel-w64-00000000000000000000/build/src/ipc/chromium/src/chrome/common/ipc_channel_win.cc, line 346
[GPU 8516] WARNING: pipe error: 109: file c:/builds/moz2_slave/m-rel-w64-00000000000000000000/build/src/ipc/chromium/src/chrome/common/ipc_channel_win.cc, line 346
Unable to read VR Path Registry from C:\Users\lanjingjing\AppData\Local\openvr\openvrpaths.vrpath
[Parent 17224] WARNING: pipe error: 109: file c:/builds/moz2_slave/m-rel-w64-00000000000000000000/build/src/ipc/chromium/src/chrome/common/ipc_channel_win.cc, line 346
Unable to read VR Path Registry from C:\Users\lanjingjing\AppData\Local\openvr\openvrpaths.vrpath
[Child 14904] WARNING: pipe error: 109: file c:/builds/moz2_slave/m-rel-w64-00000000000000000000/build/src/ipc/chromium/src/chrome/common/ipc_channel_win.cc, line 346

###!!! [Child][MessageChannel::SendAndWait] Error: Channel error: cannot send/recv

artProvider()@resource://gre/modules/AddonManager.jsm:741 < startup()@resource://gre/modules/AddonManager.jsm:908 < startup()@resource://gre/modules/AddonManager.jsm:3122 < observe()@jar:file:///C:/Program%20Files/Mozilla%20Firefox/omni.ja!/components/addonManager.js:65
1504919828241	Marionette	INFO	Enabled via --marionette
Unable to read VR Path Registry from C:\Users\lanjingjing\AppData\Local\openvr\openvrpaths.vrpath
[GPU 1076] WARNING: pipe error: 109: file c:/builds/moz2_slave/m-rel-w64-00000000000000000000/build/src/ipc/chromium/src/chrome/common/ipc_channel_win.cc, line 346
Unable to read VR Path Registry from C:\Users\lanjingjing\AppData\Local\openvr\openvrpaths.vrpath
[Child 13824] WARNING: pipe error: 109: file c:/builds/moz2_slave/m-rel-w64-00000000000000000000/build/src/ipc/chromium/src/chrome/common/ipc_channel_win.cc, line 346
[Child 13824] WARNING: pipe error: 109: file c:/builds/moz2_slave/m-rel-w64-00000000000000000000/build/src/ipc/chromium/src/chrome/common/ipc_channel_win.cc, line 346
1504919830336	Marionette	INFO	Listening on port 51804
1504919830354	Marionette	INFO	Listening on port 51804
1504919830436	Marionette	WARN	TLS certificate errors will be ignored for this session
1504919830488	Marionette	DEBUG	loaded listener.js
1504919830522	Marionette	DEBUG	Received DOM event "beforeunload" for "about:blank"
1504919830542	Marionette	DEBUG	Received DOM event "pagehide" for "about:blank"
1504919830542	Marionette	DEBUG	Received DOM event "unload" for "about:blank"
1504919830705	Marionette	DEBUG	Received DOM event "DOMContentLoaded" for "http://127.0.0.1/"
1504919830742	Marionette	DEBUG	Received DOM event "pageshow" for "http://127.0.0.1/"
1504919833717	Marionette	DEBUG	Canceled page load listener because no navigation has been detected
[GPU 1076] WARNING: pipe error: 109: file c:/builds/moz2_slave/m-rel-w64-00000000000000000000/build/src/ipc/chromium/src/chrome/common/ipc_channel_win.cc, line 346
Unable to read VR Path Registry from C:\Users\lanjingjing\AppData\Local\openvr\openvrpaths.vrpath
[Parent 7792] WARNING: pipe error: 109: file c:/builds/moz2_slave/m-rel-w64-00000000000000000000/build/src/ipc/chromium/src/chrome/common/ipc_channel_win.cc, line 346
Unable to read VR Path Registry from C:\Users\lanjingjing\AppData\Local\openvr\openvrpaths.vrpath
[Child 15188] WARNING: pipe error: 109: file c:/builds/moz2_slave/m-rel-w64-00000000000000000000/build/src/ipc/chromium/src/chrome/common/ipc_channel_win.cc, line 346

###!!! [Child][MessageChannel::SendAndWait] Error: Channel error: cannot send/recv

/modules/addons/XPIProvider.jsm:3152 < startup()@resource://gre/modules/addons/XPIProvider.jsm:2246 < callProvider()@resource://gre/modules/AddonManager.jsm:271 < _startProvider()@resource://gre/modules/AddonManager.jsm:741 < startup()@resource://gre/modules/AddonManager.jsm:908 < startup()@resource://gre/modules/AddonManager.jsm:3122 < observe()@jar:file:///C:/Program%20Files/Mozilla%20Firefox/omni.ja!/components/addonManager.js:65
1504919947504	Marionette	INFO	Enabled via --marionette
Unable to read VR Path Registry from C:\Users\lanjingjing\AppData\Local\openvr\openvrpaths.vrpath
[Parent 7572] WARNING: pipe error: 109: file c:/builds/moz2_slave/m-rel-w64-00000000000000000000/build/src/ipc/chromium/src/chrome/common/ipc_channel_win.cc, line 346
1504919950026	Marionette	INFO	Listening on port 51905
Unable to read VR Path Registry from C:\Users\lanjingjing\AppData\Local\openvr\openvrpaths.vrpath
[Child 7340] WARNING: pipe error: 109: file c:/builds/moz2_slave/m-rel-w64-00000000000000000000/build/src/ipc/chromium/src/chrome/common/ipc_channel_win.cc, line 346
[Child 7340] WARNING: pipe error: 109: file c:/builds/moz2_slave/m-rel-w64-00000000000000000000/build/src/ipc/chromium/src/chrome/common/ipc_channel_win.cc, line 346
1504919950075	Marionette	INFO	Listening on port 51905
1504919950300	Marionette	WARN	TLS certificate errors will be ignored for this session
1504919950345	Marionette	DEBUG	loaded listener.js
1504919950379	Marionette	DEBUG	Received DOM event "beforeunload" for "about:blank"
1504919950395	Marionette	DEBUG	Received DOM event "pagehide" for "about:blank"
1504919950396	Marionette	DEBUG	Received DOM event "unload" for "about:blank"
1504919950452	Marionette	DEBUG	Received DOM event "DOMContentLoaded" for "http://127.0.0.1/"
1504919950494	Marionette	DEBUG	Received DOM event "pageshow" for "http://127.0.0.1/"
1504919967663	Marionette	DEBUG	Canceled page load listener because no navigation has been detected
Unable to read VR Path Registry from C:\Users\lanjingjing\AppData\Local\openvr\openvrpaths.vrpath
[GPU 19472] WARNING: pipe error: 109: file c:/builds/moz2_slave/m-rel-w64-00000000000000000000/build/src/ipc/chromium/src/chrome/common/ipc_channel_win.cc, line 346
Unable to read VR Path Registry from C:\Users\lanjingjing\AppData\Local\openvr\openvrpaths.vrpath
[Child 5272] WARNING: pipe error: 109: file c:/builds/moz2_slave/m-rel-w64-00000000000000000000/build/src/ipc/chromium/src/chrome/common/ipc_channel_win.cc, line 346
[Child 5272] WARNING: pipe error: 109: file c:/builds/moz2_slave/m-rel-w64-00000000000000000000/build/src/ipc/chromium/src/chrome/common/ipc_channel_win.cc, line 346

###!!! [Child][MessageChannel::SendAndWait] Error: Channel error: cannot send/recv

